[19:50:39] [main/INFO]: Environment: authHost='https://authserver.mojang.com', accountsHost='https://api.mojang.com', sessionHost='https://sessionserver.mojang.com', servicesHost='https://api.minecraftservices.com', name='PROD'
[19:50:40] [main/WARN]: Couldn't get pack info for: net.minecraft.server.v1_16_R3.ResourceNotFoundException: 'pack.mcmeta' in ResourcePack '.\world\datapacks\VanillaTweaks_d496403_UNZIP_ME.zip'
[19:50:40] [main/INFO]: Reloading ResourceManager: Default, bukkit, ShulkerRespawn.zip, double-shulker-shells-1536188803.zip, VanillaTweaks_c760526.zip
[19:50:41] [Worker-Main-12/INFO]: Loaded 7 recipes
[19:50:41] [Worker-Main-12/WARN]: Datapack tried to redefine minecraft:empty loot table, ignoring
[19:50:41] [Worker-Main-12/WARN]: Found validation problem in {minecraft:entities/shulker}.pools[1].entries[0]: Unknown loot table called minecraft:entities/reference/emmh/shulker
[19:50:42] [Server thread/INFO]: Starting minecraft server version 1.16.4
[19:50:42] [Server thread/INFO]: Loading properties
[19:50:42] [Server thread/INFO]: This server is running CraftBukkit version git-Spigot-37d799b-3eb7236 (MC: 1.16.4) (Implementing API version 1.16.4-R0.1-SNAPSHOT)
[19:50:42] [Server thread/INFO]: Debug logging is disabled
[19:50:42] [Server thread/INFO]: Server Ping Player Sample Count: 12
[19:50:42] [Server thread/INFO]: Using 4 threads for Netty based IO
[19:50:42] [Server thread/INFO]: Default game type: SURVIVAL
[19:50:42] [Server thread/INFO]: Generating keypair
[19:50:42] [Server thread/INFO]: Starting Minecraft server on 192.168.1.112:32
[19:50:42] [Server thread/INFO]: Using default channel type
[19:50:44] [Server thread/INFO]: [WorldEdit] Loading WorldEdit v7.2.0+a51fa43
[19:50:45] [Server thread/INFO]: Got request to register class com.sk89q.worldedit.bukkit.BukkitServerInterface with WorldEdit [com.sk89q.worldedit.extension.platform.PlatformManager@23995324]
[19:50:45] [Server thread/INFO]: [WorldEdit] Enabling WorldEdit v7.2.0+a51fa43
[19:50:45] [Server thread/INFO]: WEPIF: Using the Bukkit Permissions API.
[19:50:45] [Server thread/INFO]: Using com.sk89q.worldedit.bukkit.adapter.impl.Spigot_v1_16_R3 as the Bukkit adapter
[19:50:46] [Server thread/WARN]: [WorldEdit] ====================================================
[19:50:46] [Server thread/WARN]: [WorldEdit]  WorldEdit works better if you use Paper 
[19:50:46] [Server thread/WARN]: [WorldEdit]  as your server software. 
[19:50:46] [Server thread/WARN]: [WorldEdit]   
[19:50:46] [Server thread/WARN]: [WorldEdit]  Paper offers significant performance improvements,
[19:50:46] [Server thread/WARN]: [WorldEdit]  bug fixes, security enhancements and optional
[19:50:46] [Server thread/WARN]: [WorldEdit]  features for server owners to enhance their server.
[19:50:46] [Server thread/WARN]: [WorldEdit]   
[19:50:46] [Server thread/WARN]: [WorldEdit]  Paper includes Timings v2, which is significantly
[19:50:46] [Server thread/WARN]: [WorldEdit]  better at diagnosing lag problems over v1.
[19:50:46] [Server thread/WARN]: [WorldEdit]   
[19:50:46] [Server thread/WARN]: [WorldEdit]  All of your plugins should still work, and the
[19:50:46] [Server thread/WARN]: [WorldEdit]  Paper community will gladly help you fix any issues.
[19:50:46] [Server thread/WARN]: [WorldEdit]   
[19:50:46] [Server thread/WARN]: [WorldEdit]  Join the Paper Community @ https://papermc.io
[19:50:46] [Server thread/WARN]: [WorldEdit] ====================================================
[19:50:46] [Server thread/INFO]: Preparing level "world"
[19:50:46] [Server thread/INFO]: -------- World Settings For [world] --------
[19:50:46] [Server thread/INFO]: Entity Tracking Range: Pl 48 / An 48 / Mo 48 / Mi 32 / Other 64
[19:50:46] [Server thread/INFO]: Allow Zombie Pigmen to spawn from portal blocks: true
[19:50:46] [Server thread/INFO]: Item Despawn Rate: 6000
[19:50:46] [Server thread/INFO]: Item Merge Radius: 2.5
[19:50:46] [Server thread/INFO]: View Distance: 10
[19:50:46] [Server thread/INFO]: Zombie Aggressive Towards Villager: true
[19:50:46] [Server thread/INFO]: Arrow Despawn Rate: 1200 Trident Respawn Rate:1200
[19:50:46] [Server thread/INFO]: Mob Spawn Range: 6
[19:50:46] [Server thread/INFO]: Nerfing mobs spawned from spawners: false
[19:50:46] [Server thread/INFO]: Custom Map Seeds:  Village: 10387312 Desert: 14357617 Igloo: 14357618 Jungle: 14357619 Swamp: 14357620 Monument: 10387313 Ocean: 14357621 Shipwreck: 165745295 End City: 10387313 Slime: 987234911 Bastion: 30084232 Fortress: 30084232 Mansion: 10387319 Fossil: 14357921 Portal: 34222645
[19:50:46] [Server thread/INFO]: Experience Merge Radius: 3.0
[19:50:46] [Server thread/INFO]: Entity Activation Range: An 32 / Mo 32 / Ra 48 / Mi 16 / Tiv true
[19:50:46] [Server thread/INFO]: Cactus Growth Modifier: 100%
[19:50:46] [Server thread/INFO]: Cane Growth Modifier: 100%
[19:50:46] [Server thread/INFO]: Melon Growth Modifier: 100%
[19:50:46] [Server thread/INFO]: Mushroom Growth Modifier: 100%
[19:50:46] [Server thread/INFO]: Pumpkin Growth Modifier: 100%
[19:50:46] [Server thread/INFO]: Sapling Growth Modifier: 100%
[19:50:46] [Server thread/INFO]: Beetroot Growth Modifier: 100%
[19:50:46] [Server thread/INFO]: Carrot Growth Modifier: 100%
[19:50:46] [Server thread/INFO]: Potato Growth Modifier: 100%
[19:50:46] [Server thread/INFO]: Wheat Growth Modifier: 100%
[19:50:46] [Server thread/INFO]: NetherWart Growth Modifier: 100%
[19:50:46] [Server thread/INFO]: Vine Growth Modifier: 100%
[19:50:46] [Server thread/INFO]: Cocoa Growth Modifier: 100%
[19:50:46] [Server thread/INFO]: Bamboo Growth Modifier: 100%
[19:50:46] [Server thread/INFO]: SweetBerry Growth Modifier: 100%
[19:50:46] [Server thread/INFO]: Kelp Growth Modifier: 100%
[19:50:46] [Server thread/INFO]: Hopper Transfer: 8 Hopper Check: 1 Hopper Amount: 1
[19:50:46] [Server thread/INFO]: Tile Max Tick Time: 50ms Entity max Tick Time: 50ms
[19:50:46] [Server thread/INFO]: Max TNT Explosions: 100
[19:50:46] [Server thread/INFO]: Registering commands with com.sk89q.worldedit.bukkit.BukkitServerInterface
[19:50:47] [Server thread/INFO]: -------- World Settings For [world_nether] --------
[19:50:47] [Server thread/INFO]: Entity Tracking Range: Pl 48 / An 48 / Mo 48 / Mi 32 / Other 64
[19:50:47] [Server thread/INFO]: Allow Zombie Pigmen to spawn from portal blocks: true
[19:50:47] [Server thread/INFO]: Item Despawn Rate: 6000
[19:50:47] [Server thread/INFO]: Item Merge Radius: 2.5
[19:50:47] [Server thread/INFO]: View Distance: 10
[19:50:47] [Server thread/INFO]: Zombie Aggressive Towards Villager: true
[19:50:47] [Server thread/INFO]: Arrow Despawn Rate: 1200 Trident Respawn Rate:1200
[19:50:47] [Server thread/INFO]: Mob Spawn Range: 6
[19:50:47] [Server thread/INFO]: Nerfing mobs spawned from spawners: false
[19:50:47] [Server thread/INFO]: Custom Map Seeds:  Village: 10387312 Desert: 14357617 Igloo: 14357618 Jungle: 14357619 Swamp: 14357620 Monument: 10387313 Ocean: 14357621 Shipwreck: 165745295 End City: 10387313 Slime: 987234911 Bastion: 30084232 Fortress: 30084232 Mansion: 10387319 Fossil: 14357921 Portal: 34222645
[19:50:47] [Server thread/INFO]: Experience Merge Radius: 3.0
[19:50:47] [Server thread/INFO]: Entity Activation Range: An 32 / Mo 32 / Ra 48 / Mi 16 / Tiv true
[19:50:47] [Server thread/INFO]: Cactus Growth Modifier: 100%
[19:50:47] [Server thread/INFO]: Cane Growth Modifier: 100%
[19:50:47] [Server thread/INFO]: Melon Growth Modifier: 100%
[19:50:47] [Server thread/INFO]: Mushroom Growth Modifier: 100%
[19:50:47] [Server thread/INFO]: Pumpkin Growth Modifier: 100%
[19:50:47] [Server thread/INFO]: Sapling Growth Modifier: 100%
[19:50:47] [Server thread/INFO]: Beetroot Growth Modifier: 100%
[19:50:47] [Server thread/INFO]: Carrot Growth Modifier: 100%
[19:50:47] [Server thread/INFO]: Potato Growth Modifier: 100%
[19:50:47] [Server thread/INFO]: Wheat Growth Modifier: 100%
[19:50:47] [Server thread/INFO]: NetherWart Growth Modifier: 100%
[19:50:47] [Server thread/INFO]: Vine Growth Modifier: 100%
[19:50:47] [Server thread/INFO]: Cocoa Growth Modifier: 100%
[19:50:47] [Server thread/INFO]: Bamboo Growth Modifier: 100%
[19:50:47] [Server thread/INFO]: SweetBerry Growth Modifier: 100%
[19:50:47] [Server thread/INFO]: Kelp Growth Modifier: 100%
[19:50:47] [Server thread/INFO]: Hopper Transfer: 8 Hopper Check: 1 Hopper Amount: 1
[19:50:47] [Server thread/INFO]: Tile Max Tick Time: 50ms Entity max Tick Time: 50ms
[19:50:47] [Server thread/INFO]: Max TNT Explosions: 100
[19:50:47] [Server thread/INFO]: -------- World Settings For [world_the_end] --------
[19:50:47] [Server thread/INFO]: Entity Tracking Range: Pl 48 / An 48 / Mo 48 / Mi 32 / Other 64
[19:50:47] [Server thread/INFO]: Allow Zombie Pigmen to spawn from portal blocks: true
[19:50:47] [Server thread/INFO]: Item Despawn Rate: 6000
[19:50:47] [Server thread/INFO]: Item Merge Radius: 2.5
[19:50:47] [Server thread/INFO]: View Distance: 10
[19:50:47] [Server thread/INFO]: Zombie Aggressive Towards Villager: true
[19:50:47] [Server thread/INFO]: Arrow Despawn Rate: 1200 Trident Respawn Rate:1200
[19:50:47] [Server thread/INFO]: Mob Spawn Range: 6
[19:50:47] [Server thread/INFO]: Nerfing mobs spawned from spawners: false
[19:50:47] [Server thread/INFO]: Custom Map Seeds:  Village: 10387312 Desert: 14357617 Igloo: 14357618 Jungle: 14357619 Swamp: 14357620 Monument: 10387313 Ocean: 14357621 Shipwreck: 165745295 End City: 10387313 Slime: 987234911 Bastion: 30084232 Fortress: 30084232 Mansion: 10387319 Fossil: 14357921 Portal: 34222645
[19:50:47] [Server thread/INFO]: Experience Merge Radius: 3.0
[19:50:47] [Server thread/INFO]: Entity Activation Range: An 32 / Mo 32 / Ra 48 / Mi 16 / Tiv true
[19:50:47] [Server thread/INFO]: Cactus Growth Modifier: 100%
[19:50:47] [Server thread/INFO]: Cane Growth Modifier: 100%
[19:50:47] [Server thread/INFO]: Melon Growth Modifier: 100%
[19:50:47] [Server thread/INFO]: Mushroom Growth Modifier: 100%
[19:50:47] [Server thread/INFO]: Pumpkin Growth Modifier: 100%
[19:50:47] [Server thread/INFO]: Sapling Growth Modifier: 100%
[19:50:47] [Server thread/INFO]: Beetroot Growth Modifier: 100%
[19:50:47] [Server thread/INFO]: Carrot Growth Modifier: 100%
[19:50:47] [Server thread/INFO]: Potato Growth Modifier: 100%
[19:50:47] [Server thread/INFO]: Wheat Growth Modifier: 100%
[19:50:47] [Server thread/INFO]: NetherWart Growth Modifier: 100%
[19:50:47] [Server thread/INFO]: Vine Growth Modifier: 100%
[19:50:47] [Server thread/INFO]: Cocoa Growth Modifier: 100%
[19:50:47] [Server thread/INFO]: Bamboo Growth Modifier: 100%
[19:50:47] [Server thread/INFO]: SweetBerry Growth Modifier: 100%
[19:50:47] [Server thread/INFO]: Kelp Growth Modifier: 100%
[19:50:47] [Server thread/INFO]: Hopper Transfer: 8 Hopper Check: 1 Hopper Amount: 1
[19:50:47] [Server thread/INFO]: Tile Max Tick Time: 50ms Entity max Tick Time: 50ms
[19:50:47] [Server thread/INFO]: Max TNT Explosions: 100
[19:50:47] [Server thread/INFO]: Preparing start region for dimension minecraft:overworld
[19:50:48] [Server thread/INFO]: Preparing spawn area: 0%
[19:50:48] [Server thread/INFO]: Preparing spawn area: 0%
[19:50:48] [Server thread/INFO]: Preparing spawn area: 0%
[19:50:48] [Server thread/INFO]: Preparing spawn area: 0%
[19:50:49] [Server thread/INFO]: Time elapsed: 2053 ms
[19:50:49] [Server thread/INFO]: Preparing start region for dimension minecraft:the_nether
[19:50:49] [Server thread/INFO]: Preparing spawn area: 0%
[19:50:49] [Server thread/INFO]: Time elapsed: 509 ms
[19:50:49] [Server thread/INFO]: Preparing start region for dimension minecraft:the_end
[19:50:49] [Server thread/INFO]: Preparing spawn area: 0%
[19:50:50] [Server thread/INFO]: Time elapsed: 145 ms
[19:50:50] [Server thread/INFO]: Server permissions file permissions.yml is empty, ignoring it
[19:50:50] [Server thread/INFO]: Done (3.530s)! For help, type "help"
[19:50:50] [Server thread/INFO]: com.mojang.authlib.GameProfile@77ee82b9[id=<null>,name=Chlckon,properties={},legacy=false] (/76.72.81.221:59626) lost connection: Disconnected
[19:50:59] [User Authenticator #1/INFO]: UUID of player Chlckon is 4b3d4e25-97c1-45aa-bef2-367353003337
[19:50:59] [Server thread/INFO]: Chlckon[/76.72.81.221:59631] logged in with entity id 117 at ([world]201.8424656540709, 77.73583555255989, -135.14133244848708)
[19:51:08] [Server thread/INFO]: Chlckon issued server command: /give @s player_head{SkullOwner:Chlckon}
[19:51:08] [Server thread/INFO]: [Chlckon: Gave 1 [Chlckon's Head] to Chlckon]
[19:51:09] [User Authenticator #2/INFO]: UUID of player Weston714 is 0072df83-97e5-4e79-920c-c19f744bb993
[19:51:10] [Server thread/INFO]: Weston714[/192.168.1.1:54144] logged in with entity id 236 at ([world]211.86190430978414, 74.92229280296729, -142.69999998807907)
[19:52:48] [Server thread/WARN]: Weston714 moved too quickly! 52.69640670744192,-51.0,-60.74851961110765
[19:52:51] [Server thread/WARN]: Weston714 moved too quickly! -0.4585081087680294,55.799999952316284,0.046551404223237114
[19:52:51] [Server thread/WARN]: Weston714 moved too quickly! -0.4585081087680294,55.799999952316284,0.046551404223237114
[19:52:51] [Server thread/WARN]: Weston714 moved too quickly! -0.4585081087680294,55.799999952316284,0.046551404223237114
[19:52:51] [Server thread/WARN]: Weston714 moved too quickly! -0.4585081087680294,55.799999952316284,0.046551404223237114
[19:52:51] [Server thread/WARN]: Weston714 moved too quickly! -0.4585081087680294,55.799999952316284,0.046551404223237114
[19:53:02] [Server thread/INFO]: Weston714 issued server command: //wand
[19:53:13] [Server thread/INFO]: Weston714 issued server command: //smooth
[19:53:14] [Server thread/INFO]: Weston714 issued server command: //smooth
[19:53:15] [Server thread/INFO]: Weston714 issued server command: //smooth
[19:53:16] [Server thread/INFO]: Weston714 issued server command: //smooth
[19:53:16] [Server thread/INFO]: Weston714 issued server command: //smooth
[19:53:17] [Server thread/INFO]: Weston714 issued server command: //smooth
[19:53:17] [Server thread/INFO]: Weston714 issued server command: //smooth
[19:53:18] [Server thread/INFO]: Weston714 issued server command: //smooth
[19:53:18] [Server thread/INFO]: Weston714 issued server command: //smooth
[19:53:19] [Server thread/INFO]: Weston714 issued server command: //smooth
[19:53:21] [Server thread/INFO]: Weston714 issued server command: //naturalize
[19:54:04] [Server thread/INFO]: Weston714 issued server command: //smooth
[19:54:04] [Server thread/ERROR]: Block at 199, 68, 31 is Block{minecraft:grass_block} but has net.minecraft.server.v1_16_R3.TileEntityChest@309e80f. Bukkit will attempt to fix this, but there may be additional damage that we cannot recover.
[19:54:04] [Server thread/ERROR]: Block at 199, 68, 34 is Block{minecraft:grass_block} but has net.minecraft.server.v1_16_R3.TileEntityChest@55f97a1c. Bukkit will attempt to fix this, but there may be additional damage that we cannot recover.
[19:54:04] [Server thread/ERROR]: Block at 199, 68, 33 is Block{minecraft:grass_block} but has net.minecraft.server.v1_16_R3.TileEntityChest@3aee4313. Bukkit will attempt to fix this, but there may be additional damage that we cannot recover.
[19:54:04] [Server thread/ERROR]: Block at 199, 68, 32 is Block{minecraft:grass_block} but has net.minecraft.server.v1_16_R3.TileEntityChest@67a0a1ab. Bukkit will attempt to fix this, but there may be additional damage that we cannot recover.
[19:54:04] [Server thread/ERROR]: Block at 179, 68, 33 is Block{minecraft:white_concrete} but has net.minecraft.server.v1_16_R3.TileEntityChest@2b2574c0. Bukkit will attempt to fix this, but there may be additional damage that we cannot recover.
[19:54:04] [Server thread/ERROR]: Block at 179, 68, 32 is Block{minecraft:white_concrete} but has net.minecraft.server.v1_16_R3.TileEntityChest@3512d222. Bukkit will attempt to fix this, but there may be additional damage that we cannot recover.
[19:54:12] [Server thread/INFO]: Weston714 issued server command: //undo
[19:54:12] [Server thread/ERROR]: Block at 193, 82, 28 is Block{minecraft:white_concrete} but has net.minecraft.server.v1_16_R3.TileEntityChest@53e4b427. Bukkit will attempt to fix this, but there may be additional damage that we cannot recover.
[19:54:12] [Server thread/ERROR]: Block at 194, 81, 30 is Block{minecraft:white_concrete} but has net.minecraft.server.v1_16_R3.TileEntityFurnaceFurnace@2ba1b252. Bukkit will attempt to fix this, but there may be additional damage that we cannot recover.
[19:54:14] [Server thread/INFO]: Weston714 issued server command: //naturalize
[19:54:20] [Server thread/INFO]: Weston714 issued server command: //undo
[19:54:23] [Server thread/INFO]: Weston714 issued server command: //smooth
[19:54:23] [Server thread/ERROR]: Block at 199, 68, 31 is Block{minecraft:grass_block} but has net.minecraft.server.v1_16_R3.TileEntityChest@23469bf2. Bukkit will attempt to fix this, but there may be additional damage that we cannot recover.
[19:54:23] [Server thread/ERROR]: Block at 199, 68, 34 is Block{minecraft:grass_block} but has net.minecraft.server.v1_16_R3.TileEntityChest@1284178c. Bukkit will attempt to fix this, but there may be additional damage that we cannot recover.
[19:54:23] [Server thread/ERROR]: Block at 199, 68, 33 is Block{minecraft:grass_block} but has net.minecraft.server.v1_16_R3.TileEntityChest@6df75a05. Bukkit will attempt to fix this, but there may be additional damage that we cannot recover.
[19:54:23] [Server thread/ERROR]: Block at 199, 68, 32 is Block{minecraft:grass_block} but has net.minecraft.server.v1_16_R3.TileEntityChest@77e52884. Bukkit will attempt to fix this, but there may be additional damage that we cannot recover.
[19:54:23] [Server thread/ERROR]: Block at 179, 68, 33 is Block{minecraft:white_concrete} but has net.minecraft.server.v1_16_R3.TileEntityChest@60ebb481. Bukkit will attempt to fix this, but there may be additional damage that we cannot recover.
[19:54:23] [Server thread/ERROR]: Block at 179, 68, 32 is Block{minecraft:white_concrete} but has net.minecraft.server.v1_16_R3.TileEntityChest@52e1e767. Bukkit will attempt to fix this, but there may be additional damage that we cannot recover.
[19:54:26] [Server thread/INFO]: Weston714 issued server command: //smooth
[19:54:26] [Server thread/ERROR]: Block at 199, 71, 34 is Block{minecraft:grass_block} but has net.minecraft.server.v1_16_R3.TileEntityChest@591a84c. Bukkit will attempt to fix this, but there may be additional damage that we cannot recover.
[19:54:26] [Server thread/ERROR]: Block at 199, 71, 33 is Block{minecraft:grass_block} but has net.minecraft.server.v1_16_R3.TileEntityChest@5b6e1172. Bukkit will attempt to fix this, but there may be additional damage that we cannot recover.
[19:54:26] [Server thread/ERROR]: Block at 199, 73, 31 is Block{minecraft:grass_block} but has net.minecraft.server.v1_16_R3.TileEntityChest@669cf922. Bukkit will attempt to fix this, but there may be additional damage that we cannot recover.
[19:54:34] [Server thread/INFO]: Weston714 issued server command: /tp Chlckon Weston714
[19:54:34] [Server thread/INFO]: [Weston714: Teleported Chlckon to Weston714]
[19:54:41] [Server thread/INFO]: Weston714 issued server command: //naturalize
[19:54:43] [Server thread/INFO]: Weston714 issued server command: //undo
[19:54:45] [Server thread/INFO]: Weston714 issued server command: //undo
[19:54:45] [Server thread/ERROR]: Block at 195, 81, 30 is Block{minecraft:white_concrete} but has net.minecraft.server.v1_16_R3.TileEntityChest@2c16d739. Bukkit will attempt to fix this, but there may be additional damage that we cannot recover.
[19:54:46] [Server thread/INFO]: Weston714 issued server command: //undo
[19:54:46] [Server thread/ERROR]: Block at 193, 82, 28 is Block{minecraft:white_concrete} but has net.minecraft.server.v1_16_R3.TileEntityChest@1df8e640. Bukkit will attempt to fix this, but there may be additional damage that we cannot recover.
[19:54:46] [Server thread/ERROR]: Block at 194, 81, 30 is Block{minecraft:white_concrete} but has net.minecraft.server.v1_16_R3.TileEntityFurnaceFurnace@34ad98c7. Bukkit will attempt to fix this, but there may be additional damage that we cannot recover.
[19:55:16] [Server thread/INFO]: Weston714 issued server command: /toggleeditwand
[19:55:29] [Server thread/INFO]: Weston714 issued server command: /tool
[19:55:45] [Server thread/INFO]: Chlckon issued server command: /tp @s Weston714
[19:55:45] [Server thread/INFO]: [Chlckon: Teleported Chlckon to Weston714]
[19:55:45] [Server thread/WARN]: Chlckon moved too quickly! 2.1040966078271026,8.684775745690985,191.9935362271246
[19:55:59] [Server thread/INFO]: Chlckon issued server command: /tp @s Weston714
[19:55:59] [Server thread/INFO]: [Chlckon: Teleported Chlckon to Weston714]
[19:55:59] [Server thread/WARN]: Chlckon moved too quickly! 22.165725488112344,-16.589109626512865,127.42960830018401
[19:57:26] [Server thread/INFO]: Weston714 issued server command: /up 100
[19:57:26] [Server thread/WARN]: Weston714 moved too quickly! 0.32283515008714403,100.0,0.19999998807907104
[19:57:26] [Server thread/WARN]: Weston714 moved too quickly! 0.32283515008714403,100.0,0.19999998807907104
[19:57:30] [Server thread/INFO]: Weston714 issued server command: //smooth
[19:57:32] [Server thread/INFO]: Chlckon issued server command: /give Weston714 minecraft:firework_rocket 1000000
[19:57:33] [Server thread/INFO]: [Chlckon: Gave 1000000 [Firework Rocket] to Weston714]
[19:57:41] [Server thread/WARN]: Chlckon moved too quickly! -24.523551331563397,0.0,-21.19844853278336
[19:57:41] [Server thread/WARN]: Can't keep up! Is the server overloaded? Running 8611ms or 172 ticks behind
[19:57:53] [Server thread/INFO]: Chlckon issued server command: /tp @s Weston714
[19:57:53] [Server thread/INFO]: [Chlckon: Teleported Chlckon to Weston714]
[19:58:17] [Server thread/INFO]: Weston714 issued server command: //naturalize
[19:58:19] [Server thread/INFO]: Weston714 issued server command: //smooth
[19:58:20] [Server thread/INFO]: Weston714 issued server command: //smooth
[19:58:21] [Server thread/INFO]: Weston714 issued server command: //smooth
[19:58:21] [Server thread/INFO]: Weston714 issued server command: //smooth
[19:58:22] [Server thread/ERROR]: Block at 77, 92, 259 is Block{minecraft:grass_block} but has net.minecraft.server.v1_16_R3.TileEntityChest@2f1ffe51. Bukkit will attempt to fix this, but there may be additional damage that we cannot recover.
[19:58:22] [Server thread/INFO]: Weston714 issued server command: //smooth
[19:58:22] [Server thread/INFO]: Weston714 issued server command: //smooth
[19:58:23] [Server thread/INFO]: Weston714 issued server command: //smooth
[19:58:24] [Server thread/INFO]: Weston714 issued server command: //smooth
[19:58:24] [Server thread/ERROR]: Block at 77, 91, 259 is Block{minecraft:grass_block} but has net.minecraft.server.v1_16_R3.TileEntityChest@28fbd491. Bukkit will attempt to fix this, but there may be additional damage that we cannot recover.
[19:58:24] [Server thread/INFO]: Weston714 issued server command: //smooth
[19:58:25] [Server thread/ERROR]: Block at 76, 91, 259 is Block{minecraft:grass_block} but has net.minecraft.server.v1_16_R3.TileEntityChest@7364035e. Bukkit will attempt to fix this, but there may be additional damage that we cannot recover.
[19:58:25] [Server thread/INFO]: Weston714 issued server command: //smooth
[19:58:26] [Server thread/INFO]: Weston714 issued server command: //smooth
[19:58:26] [Server thread/INFO]: Weston714 issued server command: //smooth
[19:58:26] [Server thread/ERROR]: Block at 77, 90, 259 is Block{minecraft:grass_block} but has net.minecraft.server.v1_16_R3.TileEntityChest@3265e9ef. Bukkit will attempt to fix this, but there may be additional damage that we cannot recover.
[19:58:27] [Server thread/INFO]: Weston714 issued server command: //smooth
[19:58:27] [Server thread/ERROR]: Block at 76, 90, 259 is Block{minecraft:grass_block} but has net.minecraft.server.v1_16_R3.TileEntityChest@3f95392e. Bukkit will attempt to fix this, but there may be additional damage that we cannot recover.
[19:58:27] [Server thread/INFO]: Weston714 issued server command: //smooth
[19:58:28] [Server thread/INFO]: Weston714 issued server command: //smooth
[19:58:28] [Server thread/ERROR]: Block at 78, 89, 259 is Block{minecraft:grass_block} but has net.minecraft.server.v1_16_R3.TileEntityChest@589e3f51. Bukkit will attempt to fix this, but there may be additional damage that we cannot recover.
[19:58:29] [Server thread/INFO]: Weston714 issued server command: //smooth
[19:58:29] [Server thread/INFO]: Weston714 issued server command: //smooth
[19:58:29] [Server thread/ERROR]: Block at 77, 89, 259 is Block{minecraft:grass_block} but has net.minecraft.server.v1_16_R3.TileEntityChest@5e254f09. Bukkit will attempt to fix this, but there may be additional damage that we cannot recover.
[19:58:32] [Server thread/INFO]: Weston714 issued server command: //smooth
[19:58:32] [Server thread/ERROR]: Block at 76, 89, 259 is Block{minecraft:grass_block} but has net.minecraft.server.v1_16_R3.TileEntityChest@39137a0d. Bukkit will attempt to fix this, but there may be additional damage that we cannot recover.
[19:58:32] [Server thread/INFO]: Weston714 issued server command: //smooth
[19:58:33] [Server thread/INFO]: Weston714 issued server command: //smooth
[19:59:37] [Server thread/INFO]: Chlckon issued server command: /tp @s Weston714
[19:59:37] [Server thread/INFO]: [Chlckon: Teleported Chlckon to Weston714]
[19:59:44] [Server thread/INFO]: Weston714 issued server command: //smooth
[19:59:44] [Server thread/ERROR]: Block at 510, 114, 493 is Block{minecraft:white_concrete} but has net.minecraft.server.v1_16_R3.TileEntityDispenser@3a1d2f95. Bukkit will attempt to fix this, but there may be additional damage that we cannot recover.
[19:59:44] [Server thread/ERROR]: Block at 510, 114, 495 is Block{minecraft:white_concrete} but has net.minecraft.server.v1_16_R3.TileEntityDispenser@f9c5304. Bukkit will attempt to fix this, but there may be additional damage that we cannot recover.
[19:59:44] [Server thread/ERROR]: Block at 510, 114, 491 is Block{minecraft:glowstone} but has net.minecraft.server.v1_16_R3.TileEntityDispenser@8eb28e1. Bukkit will attempt to fix this, but there may be additional damage that we cannot recover.
[19:59:44] [Server thread/ERROR]: Block at 510, 114, 485 is Block{minecraft:white_concrete} but has net.minecraft.server.v1_16_R3.TileEntityDispenser@6d7aa7f2. Bukkit will attempt to fix this, but there may be additional damage that we cannot recover.
[19:59:44] [Server thread/ERROR]: Block at 510, 114, 483 is Block{minecraft:white_concrete} but has net.minecraft.server.v1_16_R3.TileEntityDispenser@3ec85c4f. Bukkit will attempt to fix this, but there may be additional damage that we cannot recover.
[19:59:44] [Server thread/ERROR]: Block at 510, 114, 487 is Block{minecraft:white_concrete} but has net.minecraft.server.v1_16_R3.TileEntityDispenser@53a12ce1. Bukkit will attempt to fix this, but there may be additional damage that we cannot recover.
[19:59:44] [Server thread/ERROR]: Block at 510, 114, 497 is Block{minecraft:white_concrete} but has net.minecraft.server.v1_16_R3.TileEntityDispenser@25caa54. Bukkit will attempt to fix this, but there may be additional damage that we cannot recover.
[19:59:44] [Server thread/ERROR]: Block at 522, 114, 497 is Block{minecraft:white_concrete} but has net.minecraft.server.v1_16_R3.TileEntityDispenser@4fd1cc8f. Bukkit will attempt to fix this, but there may be additional damage that we cannot recover.
[19:59:44] [Server thread/ERROR]: Block at 522, 114, 496 is Block{minecraft:white_concrete} but has net.minecraft.server.v1_16_R3.TileEntityDispenser@37d154f9. Bukkit will attempt to fix this, but there may be additional damage that we cannot recover.
[19:59:55] [Server thread/INFO]: Weston714 issued server command: //undo
[19:59:55] [Server thread/ERROR]: Block at 521, 93, 492 is Block{minecraft:white_concrete} but has net.minecraft.server.v1_16_R3.TileEntityChest@15fabcbf. Bukkit will attempt to fix this, but there may be additional damage that we cannot recover.
[19:59:55] [Server thread/ERROR]: Block at 518, 113, 497 is Block{minecraft:glass} but has net.minecraft.server.v1_16_R3.TileEntityDispenser@253c74a7. Bukkit will attempt to fix this, but there may be additional damage that we cannot recover.
[19:59:55] [Server thread/ERROR]: Block at 518, 113, 496 is Block{minecraft:glass} but has net.minecraft.server.v1_16_R3.TileEntityDispenser@457efd7e. Bukkit will attempt to fix this, but there may be additional damage that we cannot recover.
[20:00:16] [Server thread/INFO]: Weston714 issued server command: //undo
[20:00:22] [Server thread/INFO]: Weston714 issued server command: //smooth
[20:00:22] [Server thread/ERROR]: Block at 510, 114, 493 is Block{minecraft:white_concrete} but has net.minecraft.server.v1_16_R3.TileEntityDispenser@4376fb08. Bukkit will attempt to fix this, but there may be additional damage that we cannot recover.
[20:00:22] [Server thread/ERROR]: Block at 510, 114, 495 is Block{minecraft:white_concrete} but has net.minecraft.server.v1_16_R3.TileEntityDispenser@4ea13f78. Bukkit will attempt to fix this, but there may be additional damage that we cannot recover.
[20:00:22] [Server thread/ERROR]: Block at 510, 114, 491 is Block{minecraft:glowstone} but has net.minecraft.server.v1_16_R3.TileEntityDispenser@55b8c6a8. Bukkit will attempt to fix this, but there may be additional damage that we cannot recover.
[20:00:22] [Server thread/ERROR]: Block at 510, 114, 485 is Block{minecraft:white_concrete} but has net.minecraft.server.v1_16_R3.TileEntityDispenser@53979f03. Bukkit will attempt to fix this, but there may be additional damage that we cannot recover.
[20:00:22] [Server thread/ERROR]: Block at 510, 114, 483 is Block{minecraft:white_concrete} but has net.minecraft.server.v1_16_R3.TileEntityDispenser@274d90c2. Bukkit will attempt to fix this, but there may be additional damage that we cannot recover.
[20:00:22] [Server thread/ERROR]: Block at 510, 114, 487 is Block{minecraft:white_concrete} but has net.minecraft.server.v1_16_R3.TileEntityDispenser@60d021ac. Bukkit will attempt to fix this, but there may be additional damage that we cannot recover.
[20:00:22] [Server thread/ERROR]: Block at 510, 114, 497 is Block{minecraft:white_concrete} but has net.minecraft.server.v1_16_R3.TileEntityDispenser@734e2698. Bukkit will attempt to fix this, but there may be additional damage that we cannot recover.
[20:00:22] [Server thread/ERROR]: Block at 522, 114, 497 is Block{minecraft:white_concrete} but has net.minecraft.server.v1_16_R3.TileEntityDispenser@1c4ec075. Bukkit will attempt to fix this, but there may be additional damage that we cannot recover.
[20:00:22] [Server thread/ERROR]: Block at 522, 114, 496 is Block{minecraft:white_concrete} but has net.minecraft.server.v1_16_R3.TileEntityDispenser@574e88be. Bukkit will attempt to fix this, but there may be additional damage that we cannot recover.
[20:00:52] [Server thread/INFO]: Weston714 issued server command: //undo
[20:00:52] [Server thread/ERROR]: Block at 521, 93, 492 is Block{minecraft:white_concrete} but has net.minecraft.server.v1_16_R3.TileEntityChest@21e6a657. Bukkit will attempt to fix this, but there may be additional damage that we cannot recover.
[20:00:52] [Server thread/ERROR]: Block at 518, 113, 497 is Block{minecraft:glass} but has net.minecraft.server.v1_16_R3.TileEntityDispenser@3a5130a2. Bukkit will attempt to fix this, but there may be additional damage that we cannot recover.
[20:00:52] [Server thread/ERROR]: Block at 518, 113, 496 is Block{minecraft:glass} but has net.minecraft.server.v1_16_R3.TileEntityDispenser@5f914e36. Bukkit will attempt to fix this, but there may be additional damage that we cannot recover.
[20:01:12] [Server thread/INFO]: Weston714 issued server command: //smooth
[20:01:18] [Server thread/INFO]: Weston714 issued server command: //undo
[20:01:20] [Server thread/INFO]: Weston714 issued server command: //smooth
[20:01:21] [Server thread/INFO]: Weston714 issued server command: //smooth
[20:01:22] [Server thread/INFO]: Weston714 issued server command: //smooth
[20:01:35] [Server thread/INFO]: Weston714 issued server command: //undo
[20:01:37] [Server thread/INFO]: Weston714 issued server command: //undo
[20:01:37] [Server thread/INFO]: Weston714 issued server command: //undo
[20:01:44] [Server thread/INFO]: Chlckon issued server command: //wand
[20:01:55] [Server thread/INFO]: Chlckon issued server command: //smooth
[20:01:59] [Server thread/INFO]: Chlckon issued server command: //smooth
[20:02:02] [Server thread/INFO]: Chlckon issued server command: //smooth
[20:02:10] [Server thread/INFO]: Weston714 issued server command: //smooth
[20:02:11] [Server thread/INFO]: Chlckon issued server command: /up 7
[20:02:11] [Server thread/INFO]: Weston714 issued server command: //smooth
[20:02:12] [Server thread/INFO]: Weston714 issued server command: //smooth
[20:02:13] [Server thread/INFO]: Weston714 issued server command: //smooth
[20:02:13] [Server thread/INFO]: Weston714 issued server command: //smooth
[20:02:18] [Server thread/INFO]: Weston714 issued server command: //undo
[20:02:19] [Server thread/INFO]: Weston714 issued server command: //undo
[20:02:20] [Server thread/INFO]: Weston714 issued server command: //undo
[20:02:21] [Server thread/INFO]: Weston714 issued server command: //undo
[20:02:21] [Server thread/INFO]: Chlckon issued server command: //smoothe
[20:02:21] [Server thread/INFO]: Weston714 issued server command: //undo
[20:02:22] [Server thread/INFO]: Weston714 issued server command: //undo
[20:02:24] [Server thread/INFO]: Chlckon issued server command: //smooth
[20:02:27] [Server thread/INFO]: Chlckon issued server command: //smooth
[20:02:29] [Server thread/INFO]: Weston714 issued server command: /deop Chlckon
[20:02:29] [Server thread/INFO]: [Weston714: Made Chlckon no longer a server operator]
[20:02:38] [Server thread/INFO]: Weston714 issued server command: //undo
[20:02:39] [Server thread/INFO]: Chlckon issued server command: //sm
[20:02:39] [Server thread/INFO]: Weston714 issued server command: //undo
[20:02:40] [Server thread/INFO]: Weston714 issued server command: //undo
[20:02:41] [Server thread/INFO]: Chlckon issued server command: //sm
[20:02:43] [Server thread/INFO]: Chlckon issued server command: //sm
[20:03:08] [Server thread/INFO]: Chlckon lost connection: Disconnected
[20:03:08] [Server thread/INFO]: Chlckon left the game
[20:03:43] [User Authenticator #3/INFO]: UUID of player Chlckon is 4b3d4e25-97c1-45aa-bef2-367353003337
[20:03:43] [Server thread/INFO]: Chlckon[/76.72.81.221:59818] logged in with entity id 17395 at ([world]489.38780897586986, 91.04347085427378, 508.30222123939734)
[20:06:31] [Server thread/INFO]: Weston714 issued server command: /tp Chlckon
[20:06:31] [Server thread/INFO]: [Weston714: Teleported Weston714 to Chlckon]
[20:06:31] [Server thread/WARN]: Weston714 moved too quickly! -92.33763450082125,-9.05304036518784,-592.7764388738212
[20:06:39] [Server thread/INFO]: Weston714 issued server command: /op Chlckon
[20:06:39] [Server thread/INFO]: [Weston714: Made Chlckon a server operator]
[20:06:42] [Server thread/INFO]: Chlckon issued server command: //wand
[20:06:54] [Server thread/INFO]: Weston714 lost connection: Disconnected
[20:06:54] [Server thread/INFO]: Weston714 left the game
[20:07:04] [Server thread/INFO]: Chlckon issued server command: //set spruce_wood
[20:08:04] [Server thread/INFO]: Chlckon issued server command: //set spruce_wood
[20:08:11] [Server thread/INFO]: Chlckon issued server command: //set spruce_wood
[20:08:17] [Server thread/INFO]: Chlckon issued server command: //set spruce_wood
[20:08:26] [Server thread/INFO]: Chlckon issued server command: //set spruce_wood
[20:08:30] [Server thread/INFO]: Chlckon issued server command: //set spruce_wood
[20:08:35] [Server thread/INFO]: Chlckon issued server command: //set spruce_wood
[20:08:42] [Server thread/INFO]: Chlckon issued server command: //set spruce_wood
[20:08:49] [Server thread/INFO]: Chlckon issued server command: //set spruce_wood
[20:08:57] [Server thread/INFO]: Chlckon issued server command: //set spruce_wood
[20:09:05] [Server thread/INFO]: Chlckon issued server command: //set spruce_wood
[20:09:58] [Server thread/INFO]: Chlckon issued server command: //set stripped_spruce_wood
[20:10:21] [Server thread/INFO]: Chlckon issued server command: //set stripped_spruce_wood
[20:11:46] [Server thread/INFO]: Chlckon issued server command: //cyl spruce_wood 15 3
[20:11:54] [Server thread/INFO]: Chlckon issued server command: /gamemode spectator
[20:11:54] [Server thread/INFO]: [Chlckon: Set own game mode to Spectator Mode]
[20:12:14] [Server thread/INFO]: Chlckon issued server command: /gamemode creative
[20:12:14] [Server thread/INFO]: [Chlckon: Set own game mode to Creative Mode]
[20:12:32] [Server thread/INFO]: Chlckon issued server command: //undo
[20:14:30] [Server thread/INFO]: Chlckon issued server command: //cyl 33%green_concrete,33%green_terracotta,33%spruce_leaves 16 3
[20:14:35] [Server thread/INFO]: Chlckon issued server command: /gamemode spectator
[20:14:35] [Server thread/INFO]: [Chlckon: Set own game mode to Spectator Mode]
[20:14:48] [Server thread/INFO]: Chlckon issued server command: /gamemode creative
[20:14:48] [Server thread/INFO]: [Chlckon: Set own game mode to Creative Mode]
[20:16:37] [Server thread/INFO]: Chlckon issued server command: //undo
[20:16:45] [Server thread/INFO]: Chlckon issued server command: //cyl 33%green_wool,33%green_terracotta,33%green_concreet 16 3
[20:17:24] [Server thread/INFO]: Chlckon issued server command: //cyl 33%green_wool,33%green_terracotta,33%green_concreet
[20:18:11] [Server thread/INFO]: Chlckon issued server command: //cyl 33%green_terracotta,33%green_wool,33%green_concrete 16 3
[20:18:17] [Server thread/INFO]: Chlckon issued server command: /gamemode spectator
[20:18:17] [Server thread/INFO]: [Chlckon: Set own game mode to Spectator Mode]
[20:18:26] [Server thread/INFO]: Chlckon issued server command: /gamemode creative
[20:18:26] [Server thread/INFO]: [Chlckon: Set own game mode to Creative Mode]
[20:20:27] [Server thread/INFO]: Chlckon issued server command: //undo
[20:21:35] [Server thread/INFO]: Chlckon issued server command: //cyl 33%green_wool,33%green_terracotta,33%gray_concrete 15 3
[20:21:38] [Server thread/INFO]: Chlckon issued server command: /gamemode spectator
[20:21:38] [Server thread/INFO]: [Chlckon: Set own game mode to Spectator Mode]
[20:21:51] [Server thread/INFO]: Chlckon issued server command: //undo
[20:22:06] [Server thread/INFO]: Chlckon issued server command: //cyl 33%green_wool,33%green_terracotta,33%green_concrete 16 3
[20:22:16] [Server thread/INFO]: Chlckon issued server command: //undo\
[20:22:19] [Server thread/INFO]: Chlckon issued server command: //undo
[20:22:49] [Server thread/INFO]: Chlckon issued server command: //cyl 33%green_wool,33%green_terracotta,33%green_concrete 15 3
[20:23:18] [Server thread/INFO]: Chlckon issued server command: /gamemode creative
[20:23:18] [Server thread/INFO]: [Chlckon: Set own game mode to Creative Mode]
[20:23:59] [Server thread/INFO]: Chlckon issued server command: //cyl 33%green_wool,33%green_terracotta,33%green_concrete 13 3
[20:24:03] [Server thread/INFO]: Chlckon issued server command: /gamemode spectator
[20:24:03] [Server thread/INFO]: [Chlckon: Set own game mode to Spectator Mode]
[20:24:11] [Server thread/INFO]: Chlckon issued server command: //undo
[20:24:27] [Server thread/INFO]: Chlckon issued server command: //cyl 33%green_wool,33%green_terracotta,33%green_concrete 14 3
[20:24:49] [Server thread/INFO]: Chlckon issued server command: //cyl 33%green_wool,33%green_terracotta,33%green_concrete 13 3
[20:24:57] [Server thread/INFO]: Chlckon issued server command: //UNDP
[20:25:00] [Server thread/INFO]: Chlckon issued server command: //undo
[20:25:10] [Server thread/INFO]: Chlckon issued server command: /gamemode creative
[20:25:10] [Server thread/INFO]: [Chlckon: Set own game mode to Creative Mode]
[20:25:22] [Server thread/INFO]: Chlckon issued server command: //cyl 33%green_wool,33%green_terracotta,33%green_concrete 13 3
[20:25:23] [Server thread/INFO]: Chlckon issued server command: /gamemode spectator
[20:25:23] [Server thread/INFO]: [Chlckon: Set own game mode to Spectator Mode]
[20:25:33] [Server thread/INFO]: Chlckon issued server command: /gamemode creative
[20:25:33] [Server thread/INFO]: [Chlckon: Set own game mode to Creative Mode]
[20:26:00] [Server thread/INFO]: Chlckon issued server command: //cyl 33%green_wool,33%green_terracotta,33%green_concrete 12 3
[20:26:01] [Server thread/INFO]: Chlckon issued server command: /gamemode spectator
[20:26:01] [Server thread/INFO]: [Chlckon: Set own game mode to Spectator Mode]
[20:26:12] [Server thread/INFO]: Chlckon issued server command: /gamemode creative
[20:26:12] [Server thread/INFO]: [Chlckon: Set own game mode to Creative Mode]
[20:26:38] [Server thread/INFO]: Chlckon issued server command: //cyl 33%green_wool,33%green_terracotta,33%green_concrete 11 3
[20:26:38] [Server thread/INFO]: Chlckon issued server command: /gamemode spectator
[20:26:38] [Server thread/INFO]: [Chlckon: Set own game mode to Spectator Mode]
[20:26:47] [Server thread/INFO]: Chlckon issued server command: /gamemode creative
[20:26:47] [Server thread/INFO]: [Chlckon: Set own game mode to Creative Mode]
[20:27:01] [Server thread/INFO]: Chlckon issued server command: //cyl 33%green_wool,33%green_terracotta,33%green_concrete 10 3
[20:27:02] [Server thread/INFO]: Chlckon issued server command: /gamemode spectator
[20:27:02] [Server thread/INFO]: [Chlckon: Set own game mode to Spectator Mode]
[20:27:07] [Server thread/INFO]: Chlckon issued server command: /gamemode creative
[20:27:07] [Server thread/INFO]: [Chlckon: Set own game mode to Creative Mode]
[20:27:19] [Server thread/INFO]: Chlckon issued server command: //cyl 33%green_wool,33%green_terracotta,33%green_concrete 9 3
[20:27:20] [Server thread/INFO]: Chlckon issued server command: /gamemode spectator
[20:27:20] [Server thread/INFO]: [Chlckon: Set own game mode to Spectator Mode]
[20:27:23] [Server thread/INFO]: Chlckon issued server command: /gamemode creative
[20:27:23] [Server thread/INFO]: [Chlckon: Set own game mode to Creative Mode]
[20:27:36] [Server thread/INFO]: Chlckon issued server command: //cyl 33%green_wool,33%green_terracotta,33%green_concrete 8 3
[20:27:37] [Server thread/INFO]: Chlckon issued server command: /gamemode spectator
[20:27:37] [Server thread/INFO]: [Chlckon: Set own game mode to Spectator Mode]
[20:27:39] [Server thread/INFO]: Chlckon issued server command: /gamemode creative
[20:27:39] [Server thread/INFO]: [Chlckon: Set own game mode to Creative Mode]
[20:28:24] [Server thread/INFO]: Chlckon issued server command: //cyl 33%green_wool,33%green_terracotta,33%green_concrete 7 3
[20:28:26] [Server thread/INFO]: Chlckon issued server command: /gamemode spectator
[20:28:26] [Server thread/INFO]: [Chlckon: Set own game mode to Spectator Mode]
[20:29:09] [Server thread/INFO]: Chlckon issued server command: /gamemode creative
[20:29:09] [Server thread/INFO]: [Chlckon: Set own game mode to Creative Mode]
[20:29:21] [Server thread/INFO]: Chlckon issued server command: //cyl 33%green_wool,33%green_terracotta,33%green_concrete 6 3
[20:29:22] [Server thread/INFO]: Chlckon issued server command: /gamemode spectator
[20:29:22] [Server thread/INFO]: [Chlckon: Set own game mode to Spectator Mode]
[20:29:29] [Server thread/INFO]: Chlckon issued server command: /gamemode creative
[20:29:29] [Server thread/INFO]: [Chlckon: Set own game mode to Creative Mode]
[20:29:40] [Server thread/INFO]: Chlckon issued server command: //cyl 33%green_wool,33%green_terracotta,33%green_concrete 5 3
[20:29:41] [Server thread/INFO]: Chlckon issued server command: /gamemode spectator
[20:29:41] [Server thread/INFO]: [Chlckon: Set own game mode to Spectator Mode]
[20:29:45] [Server thread/INFO]: Chlckon issued server command: /gamemode creative
[20:29:45] [Server thread/INFO]: [Chlckon: Set own game mode to Creative Mode]
[20:29:54] [Server thread/INFO]: Chlckon issued server command: //cyl 33%green_wool,33%green_terracotta,33%green_concrete 4 3
[20:29:55] [Server thread/INFO]: Chlckon issued server command: /gamemode spectator
[20:29:55] [Server thread/INFO]: [Chlckon: Set own game mode to Spectator Mode]
[20:29:59] [Server thread/INFO]: Chlckon issued server command: /gamemode creative
[20:29:59] [Server thread/INFO]: [Chlckon: Set own game mode to Creative Mode]
[20:30:07] [Server thread/INFO]: Chlckon issued server command: //cyl 33%green_wool,33%green_terracotta,33%green_concrete 3 3
[20:30:09] [Server thread/INFO]: Chlckon issued server command: /gamemode spectator
[20:30:09] [Server thread/INFO]: [Chlckon: Set own game mode to Spectator Mode]
[20:30:11] [Server thread/INFO]: Chlckon issued server command: /gamemode creative
[20:30:11] [Server thread/INFO]: [Chlckon: Set own game mode to Creative Mode]
[20:30:24] [Server thread/INFO]: Chlckon issued server command: //cyl 33%green_wool,33%green_terracotta,33%green_concrete 2 3
[20:30:27] [Server thread/INFO]: Chlckon issued server command: /gamemode spectator
[20:30:27] [Server thread/INFO]: [Chlckon: Set own game mode to Spectator Mode]
[20:30:29] [Server thread/INFO]: Chlckon issued server command: /gamemode creative
[20:30:29] [Server thread/INFO]: [Chlckon: Set own game mode to Creative Mode]
[20:30:38] [Server thread/INFO]: Chlckon issued server command: //cyl 33%green_wool,33%green_terracotta,33%green_concrete 2 3
[20:30:40] [Server thread/INFO]: Chlckon issued server command: /gamemode spectator
[20:30:40] [Server thread/INFO]: [Chlckon: Set own game mode to Spectator Mode]
[20:30:47] [Server thread/INFO]: Chlckon issued server command: //undo
[20:30:50] [Server thread/INFO]: Chlckon issued server command: /gamemode creative
[20:30:50] [Server thread/INFO]: [Chlckon: Set own game mode to Creative Mode]
[20:30:57] [Server thread/INFO]: Chlckon issued server command: //cyl 33%green_wool,33%green_terracotta,33%green_concrete 1 3
[20:30:59] [Server thread/INFO]: Chlckon issued server command: /gamemode spectator
[20:30:59] [Server thread/INFO]: [Chlckon: Set own game mode to Spectator Mode]
[20:31:52] [Server thread/INFO]: Chlckon issued server command: /gamemode creative
[20:31:52] [Server thread/INFO]: [Chlckon: Set own game mode to Creative Mode]
[20:35:45] [Server thread/INFO]: com.mojang.authlib.GameProfile@1b2ec00e[id=<null>,name=Weston714,properties={},legacy=false] (/192.168.1.1:57657) lost connection: Disconnected
[20:36:02] [User Authenticator #4/INFO]: UUID of player Weston714 is 0072df83-97e5-4e79-920c-c19f744bb993
[20:36:02] [Server thread/INFO]: Weston714[/192.168.1.1:57696] logged in with entity id 17752 at ([world]219.55404325391868, 84.0, -185.40168247682175)
[20:40:28] [Server thread/INFO]: Weston714 issued server command: /wand
[20:40:33] [Server thread/INFO]: Weston714 issued server command: //wand
[20:41:04] [Server thread/INFO]: Weston714 issued server command: //copy
[20:41:16] [Server thread/INFO]: Weston714 issued server command: //paste
[20:41:22] [Server thread/INFO]: Weston714 issued server command: //undo
[20:42:15] [Server thread/INFO]: Weston714 issued server command: /time set night+
[20:42:17] [Server thread/INFO]: Weston714 issued server command: /time set night
[20:42:17] [Server thread/INFO]: [Weston714: Set the time to 13000]
[20:42:27] [Server thread/INFO]: Weston714 issued server command: /time set midnight
[20:42:27] [Server thread/INFO]: [Weston714: Set the time to 18000]
[20:43:43] [Server thread/INFO]: Weston714 issued server command: /time set day
[20:43:43] [Server thread/INFO]: [Weston714: Set the time to 1000]
[20:45:19] [Server thread/INFO]: Weston714 issued server command: /time set midnight
[20:45:19] [Server thread/INFO]: [Weston714: Set the time to 18000]
[20:49:19] [Server thread/INFO]: Weston714 issued server command: /time set day
[20:49:19] [Server thread/INFO]: [Weston714: Set the time to 1000]
[20:52:32] [Server thread/INFO]: Weston714 issued server command: /time set night
[20:52:32] [Server thread/INFO]: [Weston714: Set the time to 13000]
[20:53:18] [Server thread/INFO]: Weston714 lost connection: Disconnected
[20:53:18] [Server thread/INFO]: Weston714 left the game
[20:53:41] [User Authenticator #5/INFO]: UUID of player Weston714 is 0072df83-97e5-4e79-920c-c19f744bb993
[20:53:41] [Server thread/INFO]: Weston714[/192.168.1.1:59198] logged in with entity id 17781 at ([world]250.1451215513944, 111.5049445350464, -147.7143565765391)
[20:54:47] [Server thread/INFO]: Weston714 lost connection: Disconnected
[20:54:47] [Server thread/INFO]: Weston714 left the game
[20:55:09] [User Authenticator #6/INFO]: UUID of player Weston714 is 0072df83-97e5-4e79-920c-c19f744bb993
[20:55:09] [Server thread/INFO]: Weston714[/192.168.1.1:59601] logged in with entity id 17783 at ([world]230.63088482121327, 108.88123506861461, -149.33507296869317)
[20:56:35] [Server thread/INFO]: Weston714 issued server command: /time set day
[20:56:35] [Server thread/INFO]: [Weston714: Set the time to 1000]
[21:04:27] [Server thread/INFO]: Chlckon issued server command: //wand
[21:04:44] [Server thread/INFO]: Chlckon issued server command: //copy
[21:05:48] [Server thread/INFO]: Chlckon issued server command: //paste
[21:07:02] [Server thread/INFO]: Chlckon issued server command: //paste
[21:07:02] [Server thread/ERROR]: Block at 211, 76, -183 is Block{minecraft:lime_stained_glass_pane} but has net.minecraft.server.v1_16_R3.TileEntityFurnaceFurnace@79a303ce. Bukkit will attempt to fix this, but there may be additional damage that we cannot recover.
[21:07:02] [Server thread/ERROR]: Block at 211, 75, -183 is Block{minecraft:cobblestone_stairs} but has net.minecraft.server.v1_16_R3.TileEntityFurnaceFurnace@7028f775. Bukkit will attempt to fix this, but there may be additional damage that we cannot recover.
[21:07:52] [Server thread/INFO]: Chlckon issued server command: //cut
[21:07:58] [Server thread/INFO]: Chlckon issued server command: //cut
[21:08:15] [Server thread/INFO]: Weston714 issued server command: /gamemode survival Chlckon
[21:08:15] [Server thread/INFO]: [Weston714: Set Chlckon's game mode to Survival Mode]
[21:08:20] [User Authenticator #7/INFO]: UUID of player BrenTheGoat is 99db20e0-c87f-4bf9-9fab-47d32962483a
[21:08:20] [Server thread/INFO]: BrenTheGoat[/68.229.145.237:50911] logged in with entity id 19052 at ([world]295.0966821582207, 128.63750109821567, -42.855243704908695)
[21:08:21] [Server thread/INFO]: Weston714 issued server command: /tp Chlckon Weston714
[21:08:21] [Server thread/INFO]: [Weston714: Teleported Chlckon to Weston714]
[21:08:27] [Server thread/INFO]: Chlckon issued server command: /gamemode creative
[21:08:27] [Server thread/INFO]: [Chlckon: Set own game mode to Creative Mode]
[21:08:27] [Server thread/INFO]: Weston714 issued server command: /tp Chlckon Weston714
[21:08:27] [Server thread/INFO]: [Weston714: Teleported Chlckon to Weston714]
[21:08:27] [Server thread/WARN]: Chlckon moved too quickly! -7.30869011544587,36.39517794758814,12.960898589327599
[21:08:34] [Server thread/INFO]: Weston714 issued server command: /tp Chlckon Weston714
[21:08:34] [Server thread/INFO]: [Weston714: Teleported Chlckon to Weston714]
[21:08:39] [Async Chat Thread - #0/INFO]: <BrenTheGoat> now that looks like a schematic west[m
[21:08:43] [Server thread/INFO]: Weston714 issued server command: /tp Chlckon Weston714
[21:08:43] [Server thread/INFO]: [Weston714: Teleported Chlckon to Weston714]
[21:08:43] [Server thread/WARN]: Chlckon moved too quickly! 30.509259273963693,56.52889482102384,-9.32759734950551
[21:08:50] [Server thread/INFO]: Chlckon issued server command: /kill Chlckon
[21:08:50] [Server thread/INFO]: Chlckon fell out of the world
[21:08:50] [Server thread/INFO]: [Chlckon: Killed Chlckon]
[21:08:54] [Async Chat Thread - #0/INFO]: <Weston714> landon made that[m
[21:09:10] [Async Chat Thread - #0/INFO]: <Weston714> with world edit[m
[21:09:10] [Server thread/INFO]: Chlckon issued server command: /tp @s Weston714
[21:09:10] [Server thread/INFO]: [Chlckon: Teleported Chlckon to Weston714]
[21:09:29] [Async Chat Thread - #0/INFO]: <BrenTheGoat> o.o it is a bit large eh?[m
[21:09:31] [Server thread/INFO]: Weston714 issued server command: /gamemode survival Chlckon
[21:09:31] [Server thread/INFO]: [Weston714: Set Chlckon's game mode to Survival Mode]
[21:09:36] [Async Chat Thread - #0/INFO]: <Weston714> ya[m
[21:09:38] [Server thread/INFO]: Chlckon issued server command: /gamemode creative
[21:09:38] [Server thread/INFO]: [Chlckon: Set own game mode to Creative Mode]
[21:09:47] [Server thread/INFO]: Weston714 issued server command: /kick Chlckon
[21:09:47] [Server thread/INFO]: Chlckon lost connection: Kicked by an operator
[21:09:47] [Server thread/INFO]: Chlckon left the game
[21:09:47] [Server thread/INFO]: [Weston714: Kicked Chlckon: Kicked by an operator]
[21:09:51] [User Authenticator #8/INFO]: UUID of player Chlckon is 4b3d4e25-97c1-45aa-bef2-367353003337
[21:09:51] [Server thread/INFO]: Chlckon[/76.72.81.221:60118] logged in with entity id 19950 at ([world]216.69529971124118, 74.26636799395752, -190.48307410877123)
[21:09:58] [Async Chat Thread - #0/INFO]: <BrenTheGoat> can you don't west[m
[21:10:04] [Async Chat Thread - #0/INFO]: <Weston714> that is landon3[m
[21:10:08] [Async Chat Thread - #0/INFO]: <Chlckon> no it wasnt[m
[21:10:12] [Server thread/INFO]: Chlckon issued server command: //paste
[21:10:14] [Async Chat Thread - #0/INFO]: <Weston714> he keeps exploding tylers house[m
[21:10:21] [Async Chat Thread - #0/INFO]: <Weston714> I kicked him[m
[21:10:27] [Async Chat Thread - #0/INFO]: <BrenTheGoat> -.-[m
[21:10:29] [Server thread/INFO]: Chlckon issued server command: //undo
[21:10:51] [Async Chat Thread - #0/INFO]: <Chlckon> i had a paste but i lost it when he kicked me so...[m
[21:11:04] [Async Chat Thread - #0/INFO]: <BrenTheGoat> tyler did nothin to ya, why you blowin his house to shit?[m
[21:11:06] [Async Chat Thread - #0/INFO]: <Chlckon> its westons fault[m
[21:11:10] [Async Chat Thread - #0/INFO]: <Weston714> you should have stopped when I told you[m
[21:11:39] [Server thread/INFO]: BrenTheGoat issued server command: /
[21:11:41] [Async Chat Thread - #0/INFO]: <BrenTheGoat> kk bye[m
[21:11:41] [Server thread/INFO]: Weston714 issued server command: //wand
[21:11:43] [Server thread/INFO]: BrenTheGoat lost connection: Disconnected
[21:11:43] [Server thread/INFO]: BrenTheGoat left the game
[21:12:46] [Server thread/INFO]: Chlckon issued server command: //set grass_block
[21:12:46] [Server thread/ERROR]: Block at 225, 71, -178 is Block{minecraft:grass_block} but has net.minecraft.server.v1_16_R3.TileEntityFurnaceFurnace@53ff12d3. Bukkit will attempt to fix this, but there may be additional damage that we cannot recover.
[21:12:46] [Server thread/ERROR]: Block at 225, 72, -178 is Block{minecraft:grass_block} but has net.minecraft.server.v1_16_R3.TileEntityFurnaceFurnace@77d2f69d. Bukkit will attempt to fix this, but there may be additional damage that we cannot recover.
[21:12:46] [Server thread/ERROR]: Block at 217, 71, -178 is Block{minecraft:grass_block} but has net.minecraft.server.v1_16_R3.TileEntitySmoker@12685815. Bukkit will attempt to fix this, but there may be additional damage that we cannot recover.
[21:12:46] [Server thread/ERROR]: Block at 218, 71, -178 is Block{minecraft:grass_block} but has net.minecraft.server.v1_16_R3.TileEntityChest@ae06a27. Bukkit will attempt to fix this, but there may be additional damage that we cannot recover.
[21:12:46] [Server thread/ERROR]: Block at 220, 72, -178 is Block{minecraft:grass_block} but has net.minecraft.server.v1_16_R3.TileEntityFurnaceFurnace@21a29822. Bukkit will attempt to fix this, but there may be additional damage that we cannot recover.
[21:12:46] [Server thread/ERROR]: Block at 220, 71, -178 is Block{minecraft:grass_block} but has net.minecraft.server.v1_16_R3.TileEntityBlastFurnace@41a4f495. Bukkit will attempt to fix this, but there may be additional damage that we cannot recover.
[21:12:46] [Server thread/ERROR]: Block at 225, 73, -178 is Block{minecraft:grass_block} but has net.minecraft.server.v1_16_R3.TileEntityFurnaceFurnace@115cb444. Bukkit will attempt to fix this, but there may be additional damage that we cannot recover.
[21:12:46] [Server thread/ERROR]: Block at 219, 71, -178 is Block{minecraft:grass_block} but has net.minecraft.server.v1_16_R3.TileEntityChest@1864451a. Bukkit will attempt to fix this, but there may be additional damage that we cannot recover.
[21:12:58] [Server thread/INFO]: Chlckon issued server command: //set grass_block
[21:13:06] [Server thread/INFO]: Chlckon issued server command: //saet grass_block
[21:13:11] [Server thread/INFO]: Chlckon issued server command: //set grass_block
[21:13:14] [Server thread/INFO]: Weston714 lost connection: Disconnected
[21:13:14] [Server thread/INFO]: Weston714 left the game
[21:13:35] [Server thread/INFO]: Chlckon issued server command: //set grass_block
[21:13:47] [Server thread/INFO]: Chlckon issued server command: //set grass_block
[21:13:57] [User Authenticator #9/INFO]: UUID of player Weston714 is 0072df83-97e5-4e79-920c-c19f744bb993
[21:13:58] [Server thread/INFO]: Weston714[/192.168.1.1:61304] logged in with entity id 20110 at ([world]227.12377888718714, 78.00062808461153, -197.02031436104878)
[21:14:03] [Server thread/INFO]: Chlckon issued server command: //cut
[21:14:17] [Server thread/INFO]: Chlckon issued server command: //smooth
[21:14:20] [Server thread/INFO]: Chlckon issued server command: //smooth
[21:14:22] [Server thread/INFO]: Chlckon issued server command: //smooth
[21:14:24] [Server thread/INFO]: Chlckon issued server command: //smooth
[21:14:26] [Server thread/INFO]: Chlckon issued server command: //smooth
[21:14:49] [Server thread/INFO]: Chlckon issued server command: //smooth
[21:14:51] [Server thread/INFO]: Chlckon issued server command: //smooth
[21:14:53] [Server thread/INFO]: Chlckon issued server command: //smooth
[21:15:30] [Server thread/INFO]: Chlckon issued server command: //set grass_block
[21:16:29] [Server thread/INFO]: Chlckon issued server command: //set dirt
[21:16:39] [Server thread/INFO]: Chlckon issued server command: //set dirt
[21:17:27] [Server thread/INFO]: Chlckon issued server command: //set grass
[21:17:32] [Server thread/INFO]: Chlckon issued server command: //set grass_block
[21:21:35] [Server thread/INFO]: Chlckon issued server command: /tp @s Weston714
[21:21:35] [Server thread/INFO]: [Chlckon: Teleported Chlckon to Weston714]
[21:22:35] [Server thread/INFO]: Chlckon lost connection: Disconnected
[21:22:35] [Server thread/INFO]: Chlckon left the game
[21:25:20] [Server thread/INFO]: Weston714 lost connection: Disconnected
[21:25:20] [Server thread/INFO]: Weston714 left the game
